<annotation>
    <folder>images</folder>
    <filename>test-0740.jpg</filename>
    <segmented>0</segmented>
    <size>
        <width>500</width>
        <height>500</height>
        <depth>3</depth>
    </size>
    <object>
        <name>heptagon</name>
        <pose>center</pose>
        <truncated>1</truncated>
        <difficult>0</difficult>
        <bndbox>
            <xmin>235</xmin>
            <ymin>110</ymin>
            <xmax>266</xmax>
            <ymax>140</ymax>
        </bndbox>
    </object>
    <object>
        <name>triangle</name>
        <pose>center</pose>
        <truncated>1</truncated>
        <difficult>0</difficult>
        <bndbox>
            <xmin>338</xmin>
            <ymin>112</ymin>
            <xmax>363</xmax>
            <ymax>138</ymax>
        </bndbox>
    </object>
</annotation>