<annotation>
    <folder>images</folder>
    <filename>test-0886.jpg</filename>
    <segmented>0</segmented>
    <size>
        <width>500</width>
        <height>500</height>
        <depth>3</depth>
    </size>
    <object>
        <name>hexagon</name>
        <pose>center</pose>
        <truncated>1</truncated>
        <difficult>0</difficult>
        <bndbox>
            <xmin>24</xmin>
            <ymin>103</ymin>
            <xmax>77</xmax>
            <ymax>147</ymax>
        </bndbox>
    </object>
    <object>
        <name>quadrilateral</name>
        <pose>center</pose>
        <truncated>1</truncated>
        <difficult>0</difficult>
        <bndbox>
            <xmin>328</xmin>
            <ymin>103</ymin>
            <xmax>373</xmax>
            <ymax>148</ymax>
        </bndbox>
    </object>
    <object>
        <name>heptagon</name>
        <pose>center</pose>
        <truncated>1</truncated>
        <difficult>0</difficult>
        <bndbox>
            <xmin>19</xmin>
            <ymin>345</ymin>
            <xmax>82</xmax>
            <ymax>405</ymax>
        </bndbox>
    </object>
    <object>
        <name>triangle</name>
        <pose>center</pose>
        <truncated>1</truncated>
        <difficult>0</difficult>
        <bndbox>
            <xmin>138</xmin>
            <ymin>362</ymin>
            <xmax>163</xmax>
            <ymax>388</ymax>
        </bndbox>
    </object>
</annotation>