<annotation>
    <folder>images</folder>
    <filename>test-0026.jpg</filename>
    <segmented>0</segmented>
    <size>
        <width>500</width>
        <height>500</height>
        <depth>3</depth>
    </size>
    <object>
        <name>triangle</name>
        <pose>center</pose>
        <truncated>1</truncated>
        <difficult>0</difficult>
        <bndbox>
            <xmin>38</xmin>
            <ymin>112</ymin>
            <xmax>63</xmax>
            <ymax>138</ymax>
        </bndbox>
    </object>
    <object>
        <name>decagon</name>
        <pose>center</pose>
        <truncated>1</truncated>
        <difficult>0</difficult>
        <bndbox>
            <xmin>335</xmin>
            <ymin>111</ymin>
            <xmax>365</xmax>
            <ymax>139</ymax>
        </bndbox>
    </object>
    <object>
        <name>octagon</name>
        <pose>center</pose>
        <truncated>1</truncated>
        <difficult>0</difficult>
        <bndbox>
            <xmin>435</xmin>
            <ymin>110</ymin>
            <xmax>465</xmax>
            <ymax>140</ymax>
        </bndbox>
    </object>
    <object>
        <name>hexagon</name>
        <pose>center</pose>
        <truncated>1</truncated>
        <difficult>0</difficult>
        <bndbox>
            <xmin>116</xmin>
            <ymin>347</ymin>
            <xmax>185</xmax>
            <ymax>404</ymax>
        </bndbox>
    </object>
    <object>
        <name>pentagon</name>
        <pose>center</pose>
        <truncated>1</truncated>
        <difficult>0</difficult>
        <bndbox>
            <xmin>421</xmin>
            <ymin>346</ymin>
            <xmax>480</xmax>
            <ymax>405</ymax>
        </bndbox>
    </object>
</annotation>