<annotation>
    <folder>images</folder>
    <filename>test-0068.jpg</filename>
    <segmented>0</segmented>
    <size>
        <width>500</width>
        <height>500</height>
        <depth>3</depth>
    </size>
    <object>
        <name>triangle</name>
        <pose>center</pose>
        <truncated>1</truncated>
        <difficult>0</difficult>
        <bndbox>
            <xmin>238</xmin>
            <ymin>112</ymin>
            <xmax>263</xmax>
            <ymax>138</ymax>
        </bndbox>
    </object>
    <object>
        <name>nonagon</name>
        <pose>center</pose>
        <truncated>1</truncated>
        <difficult>0</difficult>
        <bndbox>
            <xmin>431</xmin>
            <ymin>107</ymin>
            <xmax>469</xmax>
            <ymax>144</ymax>
        </bndbox>
    </object>
    <object>
        <name>heptagon</name>
        <pose>center</pose>
        <truncated>1</truncated>
        <difficult>0</difficult>
        <bndbox>
            <xmin>36</xmin>
            <ymin>361</ymin>
            <xmax>65</xmax>
            <ymax>389</ymax>
        </bndbox>
    </object>
    <object>
        <name>octagon</name>
        <pose>center</pose>
        <truncated>1</truncated>
        <difficult>0</difficult>
        <bndbox>
            <xmin>228</xmin>
            <ymin>353</ymin>
            <xmax>273</xmax>
            <ymax>398</ymax>
        </bndbox>
    </object>
    <object>
        <name>triangle</name>
        <pose>center</pose>
        <truncated>1</truncated>
        <difficult>0</difficult>
        <bndbox>
            <xmin>338</xmin>
            <ymin>362</ymin>
            <xmax>363</xmax>
            <ymax>388</ymax>
        </bndbox>
    </object>
</annotation>