<annotation>
    <folder>images</folder>
    <filename>test-0740.jpg</filename>
    <segmented>0</segmented>
    <size>
        <width>500</width>
        <height>500</height>
        <depth>3</depth>
    </size>
    <object>
        <name>pentagon</name>
        <pose>center</pose>
        <truncated>1</truncated>
        <difficult>0</difficult>
        <bndbox>
            <xmin>320</xmin>
            <ymin>95</ymin>
            <xmax>381</xmax>
            <ymax>156</ymax>
        </bndbox>
    </object>
    <object>
        <name>heptagon</name>
        <pose>center</pose>
        <truncated>1</truncated>
        <difficult>0</difficult>
        <bndbox>
            <xmin>129</xmin>
            <ymin>355</ymin>
            <xmax>172</xmax>
            <ymax>396</ymax>
        </bndbox>
    </object>
</annotation>