<annotation>
    <folder>images</folder>
    <filename>test-0382.jpg</filename>
    <segmented>0</segmented>
    <size>
        <width>500</width>
        <height>500</height>
        <depth>3</depth>
    </size>
    <object>
        <name>decagon</name>
        <pose>center</pose>
        <truncated>1</truncated>
        <difficult>0</difficult>
        <bndbox>
            <xmin>34</xmin>
            <ymin>110</ymin>
            <xmax>66</xmax>
            <ymax>140</ymax>
        </bndbox>
    </object>
</annotation>