<annotation>
    <folder>images</folder>
    <filename>test-0117.jpg</filename>
    <segmented>0</segmented>
    <size>
        <width>500</width>
        <height>500</height>
        <depth>3</depth>
    </size>
    <object>
        <name>decagon</name>
        <pose>center</pose>
        <truncated>1</truncated>
        <difficult>0</difficult>
        <bndbox>
            <xmin>235</xmin>
            <ymin>111</ymin>
            <xmax>265</xmax>
            <ymax>139</ymax>
        </bndbox>
    </object>
    <object>
        <name>heptagon</name>
        <pose>center</pose>
        <truncated>1</truncated>
        <difficult>0</difficult>
        <bndbox>
            <xmin>336</xmin>
            <ymin>111</ymin>
            <xmax>365</xmax>
            <ymax>139</ymax>
        </bndbox>
    </object>
    <object>
        <name>octagon</name>
        <pose>center</pose>
        <truncated>1</truncated>
        <difficult>0</difficult>
        <bndbox>
            <xmin>425</xmin>
            <ymin>100</ymin>
            <xmax>476</xmax>
            <ymax>151</ymax>
        </bndbox>
    </object>
    <object>
        <name>hexagon</name>
        <pose>center</pose>
        <truncated>1</truncated>
        <difficult>0</difficult>
        <bndbox>
            <xmin>35</xmin>
            <ymin>362</ymin>
            <xmax>65</xmax>
            <ymax>388</ymax>
        </bndbox>
    </object>
    <object>
        <name>quadrilateral</name>
        <pose>center</pose>
        <truncated>1</truncated>
        <difficult>0</difficult>
        <bndbox>
            <xmin>121</xmin>
            <ymin>346</ymin>
            <xmax>180</xmax>
            <ymax>405</ymax>
        </bndbox>
    </object>
    <object>
        <name>octagon</name>
        <pose>center</pose>
        <truncated>1</truncated>
        <difficult>0</difficult>
        <bndbox>
            <xmin>422</xmin>
            <ymin>347</ymin>
            <xmax>478</xmax>
            <ymax>403</ymax>
        </bndbox>
    </object>
</annotation>