<annotation>
    <folder>images</folder>
    <filename>test-0537.jpg</filename>
    <segmented>0</segmented>
    <size>
        <width>500</width>
        <height>500</height>
        <depth>3</depth>
    </size>
    <object>
        <name>quadrilateral</name>
        <pose>center</pose>
        <truncated>1</truncated>
        <difficult>0</difficult>
        <bndbox>
            <xmin>19</xmin>
            <ymin>94</ymin>
            <xmax>81</xmax>
            <ymax>156</ymax>
        </bndbox>
    </object>
    <object>
        <name>triangle</name>
        <pose>center</pose>
        <truncated>1</truncated>
        <difficult>0</difficult>
        <bndbox>
            <xmin>330</xmin>
            <ymin>104</ymin>
            <xmax>371</xmax>
            <ymax>147</ymax>
        </bndbox>
    </object>
</annotation>