<annotation>
    <folder>images</folder>
    <filename>test-0761.jpg</filename>
    <segmented>0</segmented>
    <size>
        <width>500</width>
        <height>500</height>
        <depth>3</depth>
    </size>
    <object>
        <name>decagon</name>
        <pose>center</pose>
        <truncated>1</truncated>
        <difficult>0</difficult>
        <bndbox>
            <xmin>25</xmin>
            <ymin>102</ymin>
            <xmax>76</xmax>
            <ymax>149</ymax>
        </bndbox>
    </object>
    <object>
        <name>triangle</name>
        <pose>center</pose>
        <truncated>1</truncated>
        <difficult>0</difficult>
        <bndbox>
            <xmin>238</xmin>
            <ymin>112</ymin>
            <xmax>263</xmax>
            <ymax>138</ymax>
        </bndbox>
    </object>
    <object>
        <name>triangle</name>
        <pose>center</pose>
        <truncated>1</truncated>
        <difficult>0</difficult>
        <bndbox>
            <xmin>129</xmin>
            <ymin>352</ymin>
            <xmax>172</xmax>
            <ymax>398</ymax>
        </bndbox>
    </object>
    <object>
        <name>decagon</name>
        <pose>center</pose>
        <truncated>1</truncated>
        <difficult>0</difficult>
        <bndbox>
            <xmin>335</xmin>
            <ymin>361</ymin>
            <xmax>365</xmax>
            <ymax>389</ymax>
        </bndbox>
    </object>
</annotation>