<annotation>
    <folder>images</folder>
    <filename>test-0867.jpg</filename>
    <segmented>0</segmented>
    <size>
        <width>500</width>
        <height>500</height>
        <depth>3</depth>
    </size>
    <object>
        <name>octagon</name>
        <pose>center</pose>
        <truncated>1</truncated>
        <difficult>0</difficult>
        <bndbox>
            <xmin>120</xmin>
            <ymin>95</ymin>
            <xmax>181</xmax>
            <ymax>156</ymax>
        </bndbox>
    </object>
    <object>
        <name>decagon</name>
        <pose>center</pose>
        <truncated>1</truncated>
        <difficult>0</difficult>
        <bndbox>
            <xmin>335</xmin>
            <ymin>111</ymin>
            <xmax>365</xmax>
            <ymax>139</ymax>
        </bndbox>
    </object>
    <object>
        <name>octagon</name>
        <pose>center</pose>
        <truncated>1</truncated>
        <difficult>0</difficult>
        <bndbox>
            <xmin>422</xmin>
            <ymin>97</ymin>
            <xmax>479</xmax>
            <ymax>154</ymax>
        </bndbox>
    </object>
    <object>
        <name>octagon</name>
        <pose>center</pose>
        <truncated>1</truncated>
        <difficult>0</difficult>
        <bndbox>
            <xmin>35</xmin>
            <ymin>360</ymin>
            <xmax>65</xmax>
            <ymax>390</ymax>
        </bndbox>
    </object>
    <object>
        <name>decagon</name>
        <pose>center</pose>
        <truncated>1</truncated>
        <difficult>0</difficult>
        <bndbox>
            <xmin>324</xmin>
            <ymin>351</ymin>
            <xmax>376</xmax>
            <ymax>399</ymax>
        </bndbox>
    </object>
</annotation>