<annotation>
    <folder>images</folder>
    <filename>test-0896.jpg</filename>
    <segmented>0</segmented>
    <size>
        <width>500</width>
        <height>500</height>
        <depth>3</depth>
    </size>
    <object>
        <name>pentagon</name>
        <pose>center</pose>
        <truncated>1</truncated>
        <difficult>0</difficult>
        <bndbox>
            <xmin>133</xmin>
            <ymin>108</ymin>
            <xmax>168</xmax>
            <ymax>143</ymax>
        </bndbox>
    </object>
    <object>
        <name>decagon</name>
        <pose>center</pose>
        <truncated>1</truncated>
        <difficult>0</difficult>
        <bndbox>
            <xmin>432</xmin>
            <ymin>108</ymin>
            <xmax>469</xmax>
            <ymax>142</ymax>
        </bndbox>
    </object>
</annotation>