<annotation>
    <folder>images</folder>
    <filename>test-0761.jpg</filename>
    <segmented>0</segmented>
    <size>
        <width>500</width>
        <height>500</height>
        <depth>3</depth>
    </size>
    <object>
        <name>hexagon</name>
        <pose>center</pose>
        <truncated>1</truncated>
        <difficult>0</difficult>
        <bndbox>
            <xmin>129</xmin>
            <ymin>108</ymin>
            <xmax>171</xmax>
            <ymax>143</ymax>
        </bndbox>
    </object>
    <object>
        <name>octagon</name>
        <pose>center</pose>
        <truncated>1</truncated>
        <difficult>0</difficult>
        <bndbox>
            <xmin>228</xmin>
            <ymin>353</ymin>
            <xmax>273</xmax>
            <ymax>398</ymax>
        </bndbox>
    </object>
    <object>
        <name>heptagon</name>
        <pose>center</pose>
        <truncated>1</truncated>
        <difficult>0</difficult>
        <bndbox>
            <xmin>424</xmin>
            <ymin>350</ymin>
            <xmax>476</xmax>
            <ymax>400</ymax>
        </bndbox>
    </object>
</annotation>