<annotation>
    <folder>images</folder>
    <filename>test-0802.jpg</filename>
    <segmented>0</segmented>
    <size>
        <width>500</width>
        <height>500</height>
        <depth>3</depth>
    </size>
    <object>
        <name>nonagon</name>
        <pose>center</pose>
        <truncated>1</truncated>
        <difficult>0</difficult>
        <bndbox>
            <xmin>228</xmin>
            <ymin>104</ymin>
            <xmax>273</xmax>
            <ymax>147</ymax>
        </bndbox>
    </object>
    <object>
        <name>octagon</name>
        <pose>center</pose>
        <truncated>1</truncated>
        <difficult>0</difficult>
        <bndbox>
            <xmin>321</xmin>
            <ymin>96</ymin>
            <xmax>379</xmax>
            <ymax>154</ymax>
        </bndbox>
    </object>
    <object>
        <name>triangle</name>
        <pose>center</pose>
        <truncated>1</truncated>
        <difficult>0</difficult>
        <bndbox>
            <xmin>427</xmin>
            <ymin>101</ymin>
            <xmax>473</xmax>
            <ymax>150</ymax>
        </bndbox>
    </object>
    <object>
        <name>decagon</name>
        <pose>center</pose>
        <truncated>1</truncated>
        <difficult>0</difficult>
        <bndbox>
            <xmin>35</xmin>
            <ymin>361</ymin>
            <xmax>65</xmax>
            <ymax>389</ymax>
        </bndbox>
    </object>
    <object>
        <name>quadrilateral</name>
        <pose>center</pose>
        <truncated>1</truncated>
        <difficult>0</difficult>
        <bndbox>
            <xmin>218</xmin>
            <ymin>343</ymin>
            <xmax>283</xmax>
            <ymax>408</ymax>
        </bndbox>
    </object>
    <object>
        <name>nonagon</name>
        <pose>center</pose>
        <truncated>1</truncated>
        <difficult>0</difficult>
        <bndbox>
            <xmin>319</xmin>
            <ymin>345</ymin>
            <xmax>382</xmax>
            <ymax>406</ymax>
        </bndbox>
    </object>
</annotation>