<annotation>
    <folder>images</folder>
    <filename>test-0575.jpg</filename>
    <segmented>0</segmented>
    <size>
        <width>500</width>
        <height>500</height>
        <depth>3</depth>
    </size>
    <object>
        <name>quadrilateral</name>
        <pose>center</pose>
        <truncated>1</truncated>
        <difficult>0</difficult>
        <bndbox>
            <xmin>35</xmin>
            <ymin>110</ymin>
            <xmax>65</xmax>
            <ymax>140</ymax>
        </bndbox>
    </object>
    <object>
        <name>quadrilateral</name>
        <pose>center</pose>
        <truncated>1</truncated>
        <difficult>0</difficult>
        <bndbox>
            <xmin>135</xmin>
            <ymin>110</ymin>
            <xmax>165</xmax>
            <ymax>140</ymax>
        </bndbox>
    </object>
    <object>
        <name>octagon</name>
        <pose>center</pose>
        <truncated>1</truncated>
        <difficult>0</difficult>
        <bndbox>
            <xmin>235</xmin>
            <ymin>110</ymin>
            <xmax>265</xmax>
            <ymax>140</ymax>
        </bndbox>
    </object>
    <object>
        <name>octagon</name>
        <pose>center</pose>
        <truncated>1</truncated>
        <difficult>0</difficult>
        <bndbox>
            <xmin>435</xmin>
            <ymin>110</ymin>
            <xmax>465</xmax>
            <ymax>140</ymax>
        </bndbox>
    </object>
    <object>
        <name>nonagon</name>
        <pose>center</pose>
        <truncated>1</truncated>
        <difficult>0</difficult>
        <bndbox>
            <xmin>33</xmin>
            <ymin>358</ymin>
            <xmax>68</xmax>
            <ymax>392</ymax>
        </bndbox>
    </object>
    <object>
        <name>nonagon</name>
        <pose>center</pose>
        <truncated>1</truncated>
        <difficult>0</difficult>
        <bndbox>
            <xmin>336</xmin>
            <ymin>361</ymin>
            <xmax>365</xmax>
            <ymax>389</ymax>
        </bndbox>
    </object>
    <object>
        <name>pentagon</name>
        <pose>center</pose>
        <truncated>1</truncated>
        <difficult>0</difficult>
        <bndbox>
            <xmin>436</xmin>
            <ymin>361</ymin>
            <xmax>464</xmax>
            <ymax>389</ymax>
        </bndbox>
    </object>
</annotation>