<annotation>
    <folder>images</folder>
    <filename>test-0067.jpg</filename>
    <segmented>0</segmented>
    <size>
        <width>500</width>
        <height>500</height>
        <depth>3</depth>
    </size>
    <object>
        <name>pentagon</name>
        <pose>center</pose>
        <truncated>1</truncated>
        <difficult>0</difficult>
        <bndbox>
            <xmin>333</xmin>
            <ymin>108</ymin>
            <xmax>367</xmax>
            <ymax>142</ymax>
        </bndbox>
    </object>
    <object>
        <name>heptagon</name>
        <pose>center</pose>
        <truncated>1</truncated>
        <difficult>0</difficult>
        <bndbox>
            <xmin>26</xmin>
            <ymin>352</ymin>
            <xmax>74</xmax>
            <ymax>398</ymax>
        </bndbox>
    </object>
    <object>
        <name>nonagon</name>
        <pose>center</pose>
        <truncated>1</truncated>
        <difficult>0</difficult>
        <bndbox>
            <xmin>123</xmin>
            <ymin>349</ymin>
            <xmax>178</xmax>
            <ymax>401</ymax>
        </bndbox>
    </object>
    <object>
        <name>heptagon</name>
        <pose>center</pose>
        <truncated>1</truncated>
        <difficult>0</difficult>
        <bndbox>
            <xmin>236</xmin>
            <ymin>361</ymin>
            <xmax>265</xmax>
            <ymax>389</ymax>
        </bndbox>
    </object>
    <object>
        <name>pentagon</name>
        <pose>center</pose>
        <truncated>1</truncated>
        <difficult>0</difficult>
        <bndbox>
            <xmin>421</xmin>
            <ymin>346</ymin>
            <xmax>479</xmax>
            <ymax>404</ymax>
        </bndbox>
    </object>
</annotation>