<annotation>
    <folder>images</folder>
    <filename>test-0886.jpg</filename>
    <segmented>0</segmented>
    <size>
        <width>500</width>
        <height>500</height>
        <depth>3</depth>
    </size>
    <object>
        <name>triangle</name>
        <pose>center</pose>
        <truncated>1</truncated>
        <difficult>0</difficult>
        <bndbox>
            <xmin>27</xmin>
            <ymin>101</ymin>
            <xmax>73</xmax>
            <ymax>150</ymax>
        </bndbox>
    </object>
    <object>
        <name>octagon</name>
        <pose>center</pose>
        <truncated>1</truncated>
        <difficult>0</difficult>
        <bndbox>
            <xmin>127</xmin>
            <ymin>102</ymin>
            <xmax>173</xmax>
            <ymax>148</ymax>
        </bndbox>
    </object>
    <object>
        <name>decagon</name>
        <pose>center</pose>
        <truncated>1</truncated>
        <difficult>0</difficult>
        <bndbox>
            <xmin>233</xmin>
            <ymin>109</ymin>
            <xmax>268</xmax>
            <ymax>142</ymax>
        </bndbox>
    </object>
    <object>
        <name>nonagon</name>
        <pose>center</pose>
        <truncated>1</truncated>
        <difficult>0</difficult>
        <bndbox>
            <xmin>336</xmin>
            <ymin>111</ymin>
            <xmax>365</xmax>
            <ymax>139</ymax>
        </bndbox>
    </object>
    <object>
        <name>decagon</name>
        <pose>center</pose>
        <truncated>1</truncated>
        <difficult>0</difficult>
        <bndbox>
            <xmin>35</xmin>
            <ymin>361</ymin>
            <xmax>65</xmax>
            <ymax>389</ymax>
        </bndbox>
    </object>
    <object>
        <name>triangle</name>
        <pose>center</pose>
        <truncated>1</truncated>
        <difficult>0</difficult>
        <bndbox>
            <xmin>133</xmin>
            <ymin>357</ymin>
            <xmax>167</xmax>
            <ymax>393</ymax>
        </bndbox>
    </object>
    <object>
        <name>hexagon</name>
        <pose>center</pose>
        <truncated>1</truncated>
        <difficult>0</difficult>
        <bndbox>
            <xmin>335</xmin>
            <ymin>362</ymin>
            <xmax>365</xmax>
            <ymax>388</ymax>
        </bndbox>
    </object>
</annotation>