<annotation>
    <folder>images</folder>
    <filename>test-0867.jpg</filename>
    <segmented>0</segmented>
    <size>
        <width>500</width>
        <height>500</height>
        <depth>3</depth>
    </size>
    <object>
        <name>quadrilateral</name>
        <pose>center</pose>
        <truncated>1</truncated>
        <difficult>0</difficult>
        <bndbox>
            <xmin>26</xmin>
            <ymin>101</ymin>
            <xmax>74</xmax>
            <ymax>149</ymax>
        </bndbox>
    </object>
    <object>
        <name>octagon</name>
        <pose>center</pose>
        <truncated>1</truncated>
        <difficult>0</difficult>
        <bndbox>
            <xmin>134</xmin>
            <ymin>109</ymin>
            <xmax>167</xmax>
            <ymax>142</ymax>
        </bndbox>
    </object>
    <object>
        <name>quadrilateral</name>
        <pose>center</pose>
        <truncated>1</truncated>
        <difficult>0</difficult>
        <bndbox>
            <xmin>235</xmin>
            <ymin>110</ymin>
            <xmax>265</xmax>
            <ymax>140</ymax>
        </bndbox>
    </object>
    <object>
        <name>hexagon</name>
        <pose>center</pose>
        <truncated>1</truncated>
        <difficult>0</difficult>
        <bndbox>
            <xmin>318</xmin>
            <ymin>99</ymin>
            <xmax>382</xmax>
            <ymax>152</ymax>
        </bndbox>
    </object>
    <object>
        <name>quadrilateral</name>
        <pose>center</pose>
        <truncated>1</truncated>
        <difficult>0</difficult>
        <bndbox>
            <xmin>427</xmin>
            <ymin>102</ymin>
            <xmax>474</xmax>
            <ymax>149</ymax>
        </bndbox>
    </object>
    <object>
        <name>triangle</name>
        <pose>center</pose>
        <truncated>1</truncated>
        <difficult>0</difficult>
        <bndbox>
            <xmin>32</xmin>
            <ymin>357</ymin>
            <xmax>68</xmax>
            <ymax>394</ymax>
        </bndbox>
    </object>
    <object>
        <name>octagon</name>
        <pose>center</pose>
        <truncated>1</truncated>
        <difficult>0</difficult>
        <bndbox>
            <xmin>131</xmin>
            <ymin>356</ymin>
            <xmax>170</xmax>
            <ymax>395</ymax>
        </bndbox>
    </object>
    <object>
        <name>hexagon</name>
        <pose>center</pose>
        <truncated>1</truncated>
        <difficult>0</difficult>
        <bndbox>
            <xmin>317</xmin>
            <ymin>348</ymin>
            <xmax>383</xmax>
            <ymax>402</ymax>
        </bndbox>
    </object>
</annotation>